make publish
~/Work/culsci/ongoing/grain3.0/inriamecsci.github.com/grains/automate-etats-finis-multiple-3 ~/Work/culsci/ongoing/grain3.0/inriamecsci.github.com
Already up-to-date.
~/Work/culsci/ongoing/grain3.0/inriamecsci.github.com
~/Work/culsci/ongoing/grain3.0/inriamecsci.github.com/grains/carpasinivores ~/Work/culsci/ongoing/grain3.0/inriamecsci.github.com
Already up-to-date.
~/Work/culsci/ongoing/grain3.0/inriamecsci.github.com
~/Work/culsci/ongoing/grain3.0/inriamecsci.github.com/grains/carpasinivores-limejs ~/Work/culsci/ongoing/grain3.0/inriamecsci.github.com
Already up-to-date.
~/Work/culsci/ongoing/grain3.0/inriamecsci.github.com
~/Work/culsci/ongoing/grain3.0/inriamecsci.github.com/grains/codes-secrets ~/Work/culsci/ongoing/grain3.0/inriamecsci.github.com
Already up-to-date.
~/Work/culsci/ongoing/grain3.0/inriamecsci.github.com
~/Work/culsci/ongoing/grain3.0/inriamecsci.github.com/grains/crepes ~/Work/culsci/ongoing/grain3.0/inriamecsci.github.com
Already up-to-date.
~/Work/culsci/ongoing/grain3.0/inriamecsci.github.com
~/Work/culsci/ongoing/grain3.0/inriamecsci.github.com/grains/edel ~/Work/culsci/ongoing/grain3.0/inriamecsci.github.com
Already up-to-date.
~/Work/culsci/ongoing/grain3.0/inriamecsci.github.com
~/Work/culsci/ongoing/grain3.0/inriamecsci.github.com/grains/machine-turing ~/Work/culsci/ongoing/grain3.0/inriamecsci.github.com
Already up-to-date.
~/Work/culsci/ongoing/grain3.0/inriamecsci.github.com
~/Work/culsci/ongoing/grain3.0/inriamecsci.github.com/grains/methodes-tri ~/Work/culsci/ongoing/grain3.0/inriamecsci.github.com
Already up-to-date.
~/Work/culsci/ongoing/grain3.0/inriamecsci.github.com
~/Work/culsci/ongoing/grain3.0/inriamecsci.github.com/grains/rubiks-cube ~/Work/culsci/ongoing/grain3.0/inriamecsci.github.com
Already up-to-date.
~/Work/culsci/ongoing/grain3.0/inriamecsci.github.com
~/Work/culsci/ongoing/grain3.0/inriamecsci.github.com/grains/tables-hachage ~/Work/culsci/ongoing/grain3.0/inriamecsci.github.com
Already up-to-date.
~/Work/culsci/ongoing/grain3.0/inriamecsci.github.com
~/Work/culsci/ongoing/grain3.0/inriamecsci.github.com/grains/tetris-botte ~/Work/culsci/ongoing/grain3.0/inriamecsci.github.com
Already up-to-date.
~/Work/culsci/ongoing/grain3.0/inriamecsci.github.com
~/Work/culsci/ongoing/grain3.0/inriamecsci.github.com/grains/Turing-2D ~/Work/culsci/ongoing/grain3.0/inriamecsci.github.com
Already up-to-date.
~/Work/culsci/ongoing/grain3.0/inriamecsci.github.com
~/Work/culsci/ongoing/grain3.0/inriamecsci.github.com/grains/voronoi-diagramme ~/Work/culsci/ongoing/grain3.0/inriamecsci.github.com
Already up-to-date.
~/Work/culsci/ongoing/grain3.0/inriamecsci.github.com
~/Work/culsci/ongoing/grain3.0/inriamecsci.github.com/grains/voronoi-jeu ~/Work/culsci/ongoing/grain3.0/inriamecsci.github.com
Already up-to-date.
~/Work/culsci/ongoing/grain3.0/inriamecsci.github.com
